[0.008s] Invoking command in '/home/anton/git/LoversOfMen/build/perception': /usr/bin/cmake /home/anton/git/LoversOfMen/Perception -DCMAKE_INSTALL_PREFIX=/home/anton/git/LoversOfMen/install/perception
[0.017s] -- Found ament_cmake: 1.3.11 (/opt/ros/humble/share/ament_cmake/cmake)
[0.132s] -- Found rclcpp: 16.0.12 (/opt/ros/humble/share/rclcpp/cmake)
[0.157s] -- Found rosidl_generator_c: 3.1.6 (/opt/ros/humble/share/rosidl_generator_c/cmake)
[0.160s] -- Found rosidl_adapter: 3.1.6 (/opt/ros/humble/share/rosidl_adapter/cmake)
[0.165s] -- Found rosidl_generator_cpp: 3.1.6 (/opt/ros/humble/share/rosidl_generator_cpp/cmake)
[0.174s] -- Using all available rosidl_typesupport_c: rosidl_typesupport_fastrtps_c;rosidl_typesupport_introspection_c
[0.184s] -- Using all available rosidl_typesupport_cpp: rosidl_typesupport_fastrtps_cpp;rosidl_typesupport_introspection_cpp
[0.213s] -- Found rmw_implementation_cmake: 6.1.2 (/opt/ros/humble/share/rmw_implementation_cmake/cmake)
[0.214s] -- Found rmw_fastrtps_cpp: 6.2.7 (/opt/ros/humble/share/rmw_fastrtps_cpp/cmake)
[0.299s] -- Using RMW implementation 'rmw_fastrtps_cpp' as default
[0.399s] -- Configuring done
[0.408s] -- Generating done
[0.413s] -- Build files have been written to: /home/anton/git/LoversOfMen/build/perception
[0.420s] Invoked command in '/home/anton/git/LoversOfMen/build/perception' returned '0': /usr/bin/cmake /home/anton/git/LoversOfMen/Perception -DCMAKE_INSTALL_PREFIX=/home/anton/git/LoversOfMen/install/perception
[0.422s] Invoking command in '/home/anton/git/LoversOfMen/build/perception': /usr/bin/cmake --build /home/anton/git/LoversOfMen/build/perception -- -j8 -l8
[0.464s] [ 50%] [32mBuilding CXX object CMakeFiles/find_block_coordinate.dir/src/findBlockCoordinate.cpp.o[0m
[0.474s] [01m[K/home/anton/git/LoversOfMen/Perception/src/findBlockCoordinate.cpp:1:10:[m[K [01;31m[Kfatal error: [m[Kros/ros.h: No such file or directory
[0.474s]     1 | #include [01;31m[K<ros/ros.h>[m[K
[0.474s]       |          [01;31m[K^~~~~~~~~~~[m[K
[0.474s] compilation terminated.
[0.474s] gmake[2]: *** [CMakeFiles/find_block_coordinate.dir/build.make:76: CMakeFiles/find_block_coordinate.dir/src/findBlockCoordinate.cpp.o] Error 1
[0.475s] gmake[1]: *** [CMakeFiles/Makefile2:137: CMakeFiles/find_block_coordinate.dir/all] Error 2
[0.475s] gmake: *** [Makefile:146: all] Error 2
[0.477s] Invoked command in '/home/anton/git/LoversOfMen/build/perception' returned '2': /usr/bin/cmake --build /home/anton/git/LoversOfMen/build/perception -- -j8 -l8
